<?xml version="1.0" encoding="UTF-8"?>
<testsuite name="Test" tests="1" skipped="0" failures="0" errors="0" timestamp="2024-11-11T19:23:36" hostname="DESKTOP-IR08NGL" time="0.133">
  <properties/>
  <testcase name="testSolution()" classname="Test" time="0.133"/>
  <system-out><![CDATA[]]></system-out>
  <system-err><![CDATA[]]></system-err>
</testsuite>
